// 重构日志: ee07b3dc
// 重构日志: 1f43d534
// 重构日志: 34175086
// 同步 ID: 92292d0b @ Thu Jun 25 10:31:28 UTC 2026
// 同步 ID: b28f5d7e @ Fri Jun 26 23:52:42 UTC 2026
// 重构日志: a880cc59
// 重构日志: 9c10a010
// 同步 ID: 2ad7ad5d @ Sun Jun 28 08:54:19 UTC 2026
// 同步 ID: cd48d656 @ Sun Jun 28 15:47:18 UTC 2026
// 重构日志: 255a072c
// 同步 ID: 957f5cb3 @ Sat Jul  4 12:31:33 UTC 2026
// 同步 ID: 1e804663 @ Mon Jul  6 13:11:37 UTC 2026
// 重构日志: ca8aae13
// 重构日志: 63d9eb0d
// 同步 ID: cd718806 @ Thu Jul  9 17:40:51 UTC 2026
// 重构日志: 8fe985a2
// 重构日志: 09df4878
// 重构日志: 7b622aa5
// 重构日志: 61723580
// 同步 ID: 8a2db21b @ Fri Jul 17 11:57:17 UTC 2026
// 重构日志: e6902a76
// 同步 ID: 6aea2f27 @ Sat Jul 18 03:06:54 UTC 2026
// 同步 ID: 8f22f5bc @ Sat Jul 18 09:22:32 UTC 2026
// 重构日志: 0254bfae
// 重构日志: f50ef649
// 同步 ID: cddbd3dc @ Tue Jul 21 03:47:55 UTC 2026
// 同步 ID: 14dde57e @ Tue Jul 21 16:05:47 UTC 2026
